<?xml version="1.0" encoding="UTF-8"?>
<!-- Generated by org.testng.reporters.JUnitReportReporter -->
<testsuite hostname="DESKTOP-A4C41UP" failures="0" tests="1" name="com.ninja.api.CreateProject.Create_Project" time="27.374" errors="0" timestamp="2024-08-14T13:11:20 IST" skipped="0">
  <testcase classname="com.ninja.api.CreateProject.Create_Project" name="createProjectTest" time="27.374"/>
</testsuite> <!-- com.ninja.api.CreateProject.Create_Project -->
