<?xml version="1.0" encoding="UTF-8"?>
<!-- Generated by org.testng.reporters.JUnitReportReporter -->
<testsuite hostname="DESKTOP-A4C41UP" failures="0" tests="1" name="com.ninja.hrm.api.Project.Project_CreatedStatus" time="9.896" errors="0" timestamp="2024-08-14T16:04:41 IST" skipped="0">
  <testcase classname="com.ninja.hrm.api.Project.Project_CreatedStatus" name="addProjectWithOngoingStatus" time="9.896"/>
</testsuite> <!-- com.ninja.hrm.api.Project.Project_CreatedStatus -->
