<?xml version="1.0" encoding="UTF-8"?>
<!-- Generated by org.testng.reporters.JUnitReportReporter -->
<testsuite hostname="DESKTOP-A4C41UP" failures="0" tests="1" name="com.ninja.hrm.api.Project.Project_CompletedStatus" time="8.332" errors="0" timestamp="2024-08-14T16:13:28 IST" skipped="0">
  <testcase classname="com.ninja.hrm.api.Project.Project_CompletedStatus" name="addProjectWithCompletedStatus" time="8.332"/>
</testsuite> <!-- com.ninja.hrm.api.Project.Project_CompletedStatus -->
